<?xml version="1.0" encoding="UTF-8"?>
<!-- Generated by org.testng.reporters.JUnitReportReporter -->
<testsuite hostname="LAPTOP-49GARL5Q" failures="0" tests="5" name="com.selenium.amazon_automation.test.LoginTest" time="54.512" errors="0" timestamp="2023-02-15T12:11:51 IST" skipped="0">
  <testcase classname="com.selenium.amazon_automation.test.LoginTest" name="invalidLoginTest" time="19.152"/>
  <system-out/>
  <testcase classname="com.selenium.amazon_automation.test.LoginTest" name="invalidLoginTest" time="5.647"/>
  <system-out/>
  <testcase classname="com.selenium.amazon_automation.test.LoginTest" name="invalidLoginTest" time="5.690"/>
  <system-out/>
  <testcase classname="com.selenium.amazon_automation.test.LoginTest" name="invalidLoginTest" time="16.216"/>
  <system-out/>
  <testcase classname="com.selenium.amazon_automation.test.LoginTest" name="validLoginTest" time="7.807"/>
  <system-out/>
</testsuite> <!-- com.selenium.amazon_automation.test.LoginTest -->
