<?xml version="1.0" encoding="UTF-8"?>
<!-- Generated by org.testng.reporters.JUnitReportReporter -->
<testsuite hostname="LAPTOP-49GARL5Q" failures="0" tests="1" name="com.selenium.amazon_automation.test.ProductTest" time="36.659" errors="0" timestamp="2023-01-13T11:00:55 IST" skipped="0">
  <testcase classname="com.selenium.amazon_automation.test.ProductTest" name="validBuyProductTest" time="36.659"/>
  <system-out/>
</testsuite> <!-- com.selenium.amazon_automation.test.ProductTest -->
